2020-07-26 01:13:37.278 [Thread-1] INFO  server-logger - PORT: 60291
MESSAGE:
 INIT: 0a
 BYTES: 0a
 FRAME: a1
 DATA: 7465737465
 CRC: b7
 END: 0d
2020-07-26 01:13:38.006 [Thread-1] INFO  server-logger - PORT: 60291
MESSAGE:
 INIT: 0a
 BYTES: 09
 FRAME: a1
 DATA: 74737465
 CRC: 8d
 END: 0d
2020-07-26 01:13:38.919 [Thread-1] INFO  server-logger - PORT: 60291
MESSAGE:
 INIT: 0a
 BYTES: 08
 FRAME: a1
 DATA: 737465
 CRC: e0
 END: 0d
2020-07-26 01:13:39.711 [Thread-1] INFO  server-logger - PORT: 60291
MESSAGE:
 INIT: 0a
 BYTES: 0a
 FRAME: a1
 DATA: 7364667364
 CRC: 86
 END: 0d
2020-07-26 01:13:40.438 [Thread-1] INFO  server-logger - PORT: 60291
MESSAGE:
 INIT: 0a
 BYTES: 09
 FRAME: a1
 DATA: 64667473
 CRC: ea
 END: 0d
2020-07-26 01:13:41.039 [Thread-1] INFO  server-logger - PORT: 60291
MESSAGE:
 INIT: 0a
 BYTES: 08
 FRAME: a1
 DATA: 646673
 CRC: 4b
 END: 0d
2020-07-26 01:13:41.918 [Thread-1] INFO  server-logger - PORT: 60291
MESSAGE:
 INIT: 0a
 BYTES: 08
 FRAME: a1
 DATA: 746577
 CRC: ca
 END: 0d
2020-07-26 01:32:10.267 [Thread-1] INFO  server-logger - PORT: 61429
MESSAGE:
 INIT: 0a
 BYTES: 0a
 FRAME: a1
 DATA: 5445535445
 CRC: 10
 END: 0d
2020-07-26 01:32:12.407 [Thread-1] INFO  server-logger - PORT: 61429
MESSAGE:
 INIT: 0a
 BYTES: 0a
 FRAME: a1
 DATA: 7465737465
 CRC: b7
 END: 0d
2020-07-26 01:32:13.232 [Thread-1] INFO  server-logger - PORT: 61429
MESSAGE:
 INIT: 0a
 BYTES: 0a
 FRAME: a1
 DATA: 7465737465
 CRC: b7
 END: 0d
2020-07-26 01:33:35.568 [Thread-1] INFO  server-logger - PORT: 61519
MESSAGE:
 INIT: 0a
 BYTES: 0a
 FRAME: a1
 DATA: 7465737465
 CRC: b7
 END: 0d
2020-07-26 01:33:38.775 [Thread-1] INFO  server-logger - PORT: 61519
MESSAGE:
 INIT: 0a
 BYTES: 09
 FRAME: a1
 DATA: 74657465
 CRC: 52
 END: 0d
2020-07-26 01:33:38.777 [Thread-1] INFO  server-logger - PORT: 61519
MESSAGE:
 INIT: 0a
 BYTES: 0a
 FRAME: a1
 DATA: 7465737465
 CRC: b7
 END: 0d
2020-07-26 01:33:57.751 [Thread-4] INFO  server-logger - PORT: 61545
MESSAGE:
 INIT: 0a
 BYTES: 0a
 FRAME: a1
 DATA: 7465737465
 CRC: b7
 END: 0d
2020-07-26 01:33:58.719 [Thread-4] INFO  server-logger - PORT: 61545
MESSAGE:
 INIT: 0a
 BYTES: 0a
 FRAME: a1
 DATA: 7465737465
 CRC: b7
 END: 0d
2020-07-26 01:33:59.561 [Thread-4] INFO  server-logger - PORT: 61545
MESSAGE:
 INIT: 0a
 BYTES: 0a
 FRAME: a1
 DATA: 7465737465
 CRC: b7
 END: 0d
2020-07-26 01:34:00.583 [Thread-4] INFO  server-logger - PORT: 61545
MESSAGE:
 INIT: 0a
 BYTES: 0b
 FRAME: a1
 DATA: 747374657373
 CRC: ba
 END: 0d
2020-07-26 01:34:01.312 [Thread-4] INFO  server-logger - PORT: 61545
MESSAGE:
 INIT: 0a
 BYTES: 0d
 FRAME: a1
 DATA: 6673616466736461
 CRC: 72
 END: 0d
2020-07-26 01:34:01.951 [Thread-4] INFO  server-logger - PORT: 61545
MESSAGE:
 INIT: 0a
 BYTES: 0f
 FRAME: a1
 DATA: 73666461736166646166
 CRC: 59
 END: 0d
2020-07-26 01:34:02.576 [Thread-4] INFO  server-logger - PORT: 61545
MESSAGE:
 INIT: 0a
 BYTES: 0c
 FRAME: a1
 DATA: 64736161736664
 CRC: 3e
 END: 0d
2020-07-26 01:34:03.160 [Thread-4] INFO  server-logger - PORT: 61545
MESSAGE:
 INIT: 0a
 BYTES: 0d
 FRAME: a1
 DATA: 7364616661667364
 CRC: 39
 END: 0d
2020-07-26 01:34:03.679 [Thread-4] INFO  server-logger - PORT: 61545
MESSAGE:
 INIT: 0a
 BYTES: 0d
 FRAME: a1
 DATA: 6173666461736664
 CRC: 87
 END: 0d
2020-07-26 01:34:04.151 [Thread-4] INFO  server-logger - PORT: 61545
MESSAGE:
 INIT: 0a
 BYTES: 0c
 FRAME: a1
 DATA: 73646161736664
 CRC: bf
 END: 0d
2020-07-26 01:36:20.263 [Thread-1] INFO  server-logger - PORT: 61726
MESSAGE:
 INIT: 0a
 BYTES: 0c
 FRAME: a1
 DATA: 66736161667364
 CRC: f3
 END: 0d
2020-07-26 01:47:05.247 [Thread-1] INFO  server-logger - PORT: 50038
MESSAGE:
 INIT: 0a
 BYTES: 0a
 FRAME: a1
 DATA: 7465737465
 CRC: b7
 END: 0d
2020-07-26 01:47:16.556 [Thread-1] INFO  server-logger - PORT: 50038
MESSAGE:
 INIT: 0a
 BYTES: 0a
 FRAME: a1
 DATA: 7465737465
 CRC: b7
 END: 0d
2020-07-26 01:48:14.064 [Thread-1] INFO  server-logger - PORT: 63695
MESSAGE:
 INIT: 0a
 BYTES: 0a
 FRAME: a1
 DATA: 7465737465
 CRC: b7
 END: 0d
2020-07-26 01:51:46.144 [Thread-1] INFO  server-logger - PORT: 63695
MESSAGE:
 INIT: 0a
 BYTES: 0a
 FRAME: a1
 DATA: 7465737465
 CRC: b7
 END: 0d
2020-07-26 01:51:57.943 [Thread-1] INFO  server-logger - PORT: 63695
MESSAGE:
 INIT: 0a
 BYTES: 0a
 FRAME: a1
 DATA: 7465737465
 CRC: b7
 END: 0d
2020-07-26 01:52:02.698 [Thread-1] INFO  server-logger - PORT: 63695
MESSAGE:
 INIT: 0a
 BYTES: 0a
 FRAME: a1
 DATA: 7465737465
 CRC: b7
 END: 0d
2020-07-26 01:52:02.701 [Thread-1] INFO  server-logger - PORT: 63695
MESSAGE:
 INIT: 0a
 BYTES: 0a
 FRAME: a1
 DATA: 7465737465
 CRC: b7
 END: 0d
2020-07-26 01:52:02.968 [Thread-1] INFO  server-logger - PORT: 63695
MESSAGE:
 INIT: 0a
 BYTES: 0a
 FRAME: a1
 DATA: 7465737465
 CRC: b7
 END: 0d
2020-07-26 01:52:03.647 [Thread-1] INFO  server-logger - PORT: 63695
MESSAGE:
 INIT: 0a
 BYTES: 0a
 FRAME: a1
 DATA: 7465737465
 CRC: b7
 END: 0d
2020-07-26 01:52:04.207 [Thread-1] INFO  server-logger - PORT: 63695
MESSAGE:
 INIT: 0a
 BYTES: 0a
 FRAME: a1
 DATA: 7465737465
 CRC: b7
 END: 0d
2020-07-26 01:52:04.760 [Thread-1] INFO  server-logger - PORT: 63695
MESSAGE:
 INIT: 0a
 BYTES: 0a
 FRAME: a1
 DATA: 7465737465
 CRC: b7
 END: 0d
2020-07-26 01:52:05.159 [Thread-1] INFO  server-logger - PORT: 63695
MESSAGE:
 INIT: 0a
 BYTES: 0a
 FRAME: a1
 DATA: 7465737465
 CRC: b7
 END: 0d
2020-07-26 01:52:05.463 [Thread-1] INFO  server-logger - PORT: 63695
MESSAGE:
 INIT: 0a
 BYTES: 0a
 FRAME: a1
 DATA: 7465737465
 CRC: b7
 END: 0d
2020-07-26 01:52:05.736 [Thread-1] INFO  server-logger - PORT: 63695
MESSAGE:
 INIT: 0a
 BYTES: 0a
 FRAME: a1
 DATA: 7465737465
 CRC: b7
 END: 0d
2020-07-26 01:52:06.015 [Thread-1] INFO  server-logger - PORT: 63695
MESSAGE:
 INIT: 0a
 BYTES: 0a
 FRAME: a1
 DATA: 7465737465
 CRC: b7
 END: 0d
2020-07-26 01:52:07.047 [Thread-1] INFO  server-logger - PORT: 63695
MESSAGE:
 INIT: 0a
 BYTES: 0a
 FRAME: a1
 DATA: 7465737465
 CRC: b7
 END: 0d
2020-07-26 01:52:07.332 [Thread-1] INFO  server-logger - PORT: 63695
MESSAGE:
 INIT: 0a
 BYTES: 0a
 FRAME: a1
 DATA: 7465737465
 CRC: b7
 END: 0d
2020-07-26 01:52:07.545 [Thread-1] INFO  server-logger - PORT: 63695
MESSAGE:
 INIT: 0a
 BYTES: 0a
 FRAME: a1
 DATA: 7465737465
 CRC: b7
 END: 0d
2020-07-26 01:52:07.745 [Thread-1] INFO  server-logger - PORT: 63695
MESSAGE:
 INIT: 0a
 BYTES: 0a
 FRAME: a1
 DATA: 7465737465
 CRC: b7
 END: 0d
2020-07-26 01:52:07.957 [Thread-1] INFO  server-logger - PORT: 63695
MESSAGE:
 INIT: 0a
 BYTES: 0a
 FRAME: a1
 DATA: 7465737465
 CRC: b7
 END: 0d
2020-07-26 01:52:08.193 [Thread-1] INFO  server-logger - PORT: 63695
MESSAGE:
 INIT: 0a
 BYTES: 0a
 FRAME: a1
 DATA: 7465737465
 CRC: b7
 END: 0d
2020-07-26 01:52:08.441 [Thread-1] INFO  server-logger - PORT: 63695
MESSAGE:
 INIT: 0a
 BYTES: 0a
 FRAME: a1
 DATA: 7465737465
 CRC: b7
 END: 0d
2020-07-26 01:52:08.673 [Thread-1] INFO  server-logger - PORT: 63695
MESSAGE:
 INIT: 0a
 BYTES: 0a
 FRAME: a1
 DATA: 7465737465
 CRC: b7
 END: 0d
2020-07-26 01:52:09.113 [Thread-1] INFO  server-logger - PORT: 63695
MESSAGE:
 INIT: 0a
 BYTES: 0a
 FRAME: a1
 DATA: 7465737465
 CRC: b7
 END: 0d
2020-07-26 01:57:13.328 [Thread-1] INFO  server-logger - PORT: 64476
MESSAGE:
 INIT: 0a
 BYTES: 0a
 FRAME: a1
 DATA: 7465737465
 CRC: b7
 END: 0d
2020-07-26 02:00:26.606 [Thread-2] INFO  server-logger - PORT: 52678
MESSAGE:
 INIT: 0a
 BYTES: 0a
 FRAME: a1
 DATA: 7465737465
 CRC: b7
 END: 0d
2020-07-26 02:00:27.911 [Thread-2] INFO  server-logger - PORT: 52678
MESSAGE:
 INIT: 0a
 BYTES: 0a
 FRAME: a1
 DATA: 7465737465
 CRC: b7
 END: 0d
2020-07-26 02:00:28.240 [Thread-2] INFO  server-logger - PORT: 52678
MESSAGE:
 INIT: 0a
 BYTES: 0a
 FRAME: a1
 DATA: 7465737465
 CRC: b7
 END: 0d
2020-07-26 02:00:29.048 [Thread-2] INFO  server-logger - PORT: 52678
MESSAGE:
 INIT: 0a
 BYTES: 0a
 FRAME: a1
 DATA: 7465737465
 CRC: b7
 END: 0d
2020-07-26 02:00:29.833 [Thread-2] INFO  server-logger - PORT: 52678
MESSAGE:
 INIT: 0a
 BYTES: 0a
 FRAME: a1
 DATA: 7465737465
 CRC: b7
 END: 0d
2020-07-26 02:00:30.538 [Thread-2] INFO  server-logger - PORT: 52678
MESSAGE:
 INIT: 0a
 BYTES: 0a
 FRAME: a1
 DATA: 7465737465
 CRC: b7
 END: 0d
2020-07-26 02:00:31.280 [Thread-2] INFO  server-logger - PORT: 52678
MESSAGE:
 INIT: 0a
 BYTES: 0a
 FRAME: a1
 DATA: 7465737465
 CRC: b7
 END: 0d
2020-07-26 02:00:32.080 [Thread-2] INFO  server-logger - PORT: 52678
MESSAGE:
 INIT: 0a
 BYTES: 0a
 FRAME: a1
 DATA: 7465737465
 CRC: b7
 END: 0d
2020-07-26 02:00:32.816 [Thread-2] INFO  server-logger - PORT: 52678
MESSAGE:
 INIT: 0a
 BYTES: 0a
 FRAME: a1
 DATA: 7465737465
 CRC: b7
 END: 0d
2020-07-26 02:00:33.544 [Thread-2] INFO  server-logger - PORT: 52678
MESSAGE:
 INIT: 0a
 BYTES: 0a
 FRAME: a1
 DATA: 7465737465
 CRC: b7
 END: 0d
2020-07-26 02:00:34.176 [Thread-2] INFO  server-logger - PORT: 52678
MESSAGE:
 INIT: 0a
 BYTES: 0b
 FRAME: a1
 DATA: 746573746573
 CRC: 41
 END: 0d
2020-07-26 02:00:34.856 [Thread-2] INFO  server-logger - PORT: 52678
MESSAGE:
 INIT: 0a
 BYTES: 0a
 FRAME: a1
 DATA: 7465737465
 CRC: b7
 END: 0d
2020-07-26 02:00:35.600 [Thread-2] INFO  server-logger - PORT: 52678
MESSAGE:
 INIT: 0a
 BYTES: 0a
 FRAME: a1
 DATA: 7465737465
 CRC: b7
 END: 0d
2020-07-26 02:00:36.359 [Thread-2] INFO  server-logger - PORT: 52678
MESSAGE:
 INIT: 0a
 BYTES: 0b
 FRAME: a1
 DATA: 746573746573
 CRC: 41
 END: 0d
2020-07-26 02:00:37.051 [Thread-2] INFO  server-logger - PORT: 52678
MESSAGE:
 INIT: 0a
 BYTES: 0b
 FRAME: a1
 DATA: 746573746573
 CRC: 41
 END: 0d
2020-07-26 02:02:02.574 [Thread-2] INFO  server-logger - PORT: 52819
MESSAGE:
 INIT: 0a
 BYTES: 0a
 FRAME: a1
 DATA: 7465737465
 CRC: b7
 END: 0d
2020-07-26 02:02:03.863 [Thread-2] INFO  server-logger - PORT: 52819
MESSAGE:
 INIT: 0a
 BYTES: 0a
 FRAME: a1
 DATA: 7465737465
 CRC: b7
 END: 0d
2020-07-26 02:05:04.023 [Thread-2] INFO  server-logger - PORT: 53041
MESSAGE:
 INIT: 0a
 BYTES: 0a
 FRAME: a1
 DATA: 7465737465
 CRC: b7
 END: 0d
2020-07-26 02:05:05.338 [Thread-2] INFO  server-logger - PORT: 53041
MESSAGE:
 INIT: 0a
 BYTES: 0a
 FRAME: a1
 DATA: 7465737465
 CRC: b7
 END: 0d
2020-07-26 02:07:30.247 [Thread-2] INFO  server-logger - PORT: 53249
MESSAGE:
 INIT: 0a
 BYTES: 0a
 FRAME: a1
 DATA: 7465737465
 CRC: b7
 END: 0d
2020-07-26 02:09:18.080 [Thread-1] INFO  server-logger - PORT: 53401
MESSAGE:
 INIT: 0a
 BYTES: 0b
 FRAME: a1
 DATA: 74657374652c
 CRC: db
 END: 0d
2020-07-26 02:09:21.194 [Thread-1] INFO  server-logger - PORT: 53401
MESSAGE:
 INIT: 0a
 BYTES: 0a
 FRAME: a1
 DATA: 7465737465
 CRC: b7
 END: 0d
2020-07-26 02:09:27.584 [Thread-1] INFO  server-logger - PORT: 53401
MESSAGE:
 INIT: 0a
 BYTES: 0a
 FRAME: a1
 DATA: 7465737465
 CRC: b7
 END: 0d
2020-07-26 02:10:38.346 [Thread-1] INFO  server-logger - PORT: 53514
MESSAGE:
 INIT: 0a
 BYTES: 0a
 FRAME: a1
 DATA: 7465737465
 CRC: b7
 END: 0d
2020-07-26 02:10:44.796 [Thread-1] INFO  server-logger - PORT: 53514
MESSAGE:
 INIT: 0a
 BYTES: 0a
 FRAME: a1
 DATA: 7465737465
 CRC: b7
 END: 0d
2020-07-26 02:10:45.657 [Thread-1] INFO  server-logger - PORT: 53514
MESSAGE:
 INIT: 0a
 BYTES: 0a
 FRAME: a1
 DATA: 7465737465
 CRC: b7
 END: 0d
2020-07-26 02:10:46.431 [Thread-1] INFO  server-logger - PORT: 53514
MESSAGE:
 INIT: 0a
 BYTES: 0a
 FRAME: a1
 DATA: 7465737465
 CRC: b7
 END: 0d
2020-07-26 02:10:47.105 [Thread-1] INFO  server-logger - PORT: 53514
MESSAGE:
 INIT: 0a
 BYTES: 0a
 FRAME: a1
 DATA: 7465737465
 CRC: b7
 END: 0d
2020-07-26 02:10:47.792 [Thread-1] INFO  server-logger - PORT: 53514
MESSAGE:
 INIT: 0a
 BYTES: 0a
 FRAME: a1
 DATA: 7465737465
 CRC: b7
 END: 0d
2020-07-26 02:10:48.464 [Thread-1] INFO  server-logger - PORT: 53514
MESSAGE:
 INIT: 0a
 BYTES: 0a
 FRAME: a1
 DATA: 7465737465
 CRC: b7
 END: 0d
2020-07-26 02:10:49.568 [Thread-1] INFO  server-logger - PORT: 53514
MESSAGE:
 INIT: 0a
 BYTES: 0a
 FRAME: a1
 DATA: 7465737465
 CRC: b7
 END: 0d
2020-07-26 02:10:50.304 [Thread-1] INFO  server-logger - PORT: 53514
MESSAGE:
 INIT: 0a
 BYTES: 0a
 FRAME: a1
 DATA: 7465737465
 CRC: b7
 END: 0d
2020-07-26 02:10:50.928 [Thread-1] INFO  server-logger - PORT: 53514
MESSAGE:
 INIT: 0a
 BYTES: 0a
 FRAME: a1
 DATA: 7465737465
 CRC: b7
 END: 0d
2020-07-26 02:10:51.520 [Thread-1] INFO  server-logger - PORT: 53514
MESSAGE:
 INIT: 0a
 BYTES: 0a
 FRAME: a1
 DATA: 7465737465
 CRC: b7
 END: 0d
2020-07-26 02:10:52.095 [Thread-1] INFO  server-logger - PORT: 53514
MESSAGE:
 INIT: 0a
 BYTES: 0a
 FRAME: a1
 DATA: 7465737465
 CRC: b7
 END: 0d
2020-07-26 02:10:59.762 [Thread-3] INFO  server-logger - PORT: 53534
MESSAGE:
 INIT: 0a
 BYTES: 0a
 FRAME: a1
 DATA: 7465737465
 CRC: b7
 END: 0d
2020-07-26 02:11:00.530 [Thread-3] INFO  server-logger - PORT: 53534
MESSAGE:
 INIT: 0a
 BYTES: 0a
 FRAME: a1
 DATA: 7465737465
 CRC: b7
 END: 0d
2020-07-26 02:11:01.400 [Thread-3] INFO  server-logger - PORT: 53534
MESSAGE:
 INIT: 0a
 BYTES: 0a
 FRAME: a1
 DATA: 7465737465
 CRC: b7
 END: 0d
2020-07-26 02:11:02.176 [Thread-3] INFO  server-logger - PORT: 53534
MESSAGE:
 INIT: 0a
 BYTES: 0a
 FRAME: a1
 DATA: 7465737465
 CRC: b7
 END: 0d
2020-07-26 02:11:02.984 [Thread-3] INFO  server-logger - PORT: 53534
MESSAGE:
 INIT: 0a
 BYTES: 0a
 FRAME: a1
 DATA: 7465737465
 CRC: b7
 END: 0d
2020-07-26 02:11:03.728 [Thread-3] INFO  server-logger - PORT: 53534
MESSAGE:
 INIT: 0a
 BYTES: 0a
 FRAME: a1
 DATA: 7465737465
 CRC: b7
 END: 0d
2020-07-26 02:11:04.464 [Thread-3] INFO  server-logger - PORT: 53534
MESSAGE:
 INIT: 0a
 BYTES: 0a
 FRAME: a1
 DATA: 7465737465
 CRC: b7
 END: 0d
2020-07-26 02:11:05.192 [Thread-3] INFO  server-logger - PORT: 53534
MESSAGE:
 INIT: 0a
 BYTES: 0a
 FRAME: a1
 DATA: 7465737465
 CRC: b7
 END: 0d
2020-07-26 02:11:38.945 [Thread-1] INFO  server-logger - PORT: 53595
MESSAGE:
 INIT: 0a
 BYTES: 0a
 FRAME: a1
 DATA: 7465737465
 CRC: b7
 END: 0d
2020-07-26 02:11:42.647 [Thread-1] INFO  server-logger - PORT: 53595
MESSAGE:
 INIT: 0a
 BYTES: 09
 FRAME: a1
 DATA: 74657374
 CRC: 4e
 END: 0d
2020-07-26 02:13:55.097 [Thread-1] INFO  server-logger - PORT: 53801
MESSAGE:
 INIT: 0a
 BYTES: 0a
 FRAME: a1
 DATA: 7465737465
 CRC: b7
 END: 0d
2020-07-26 02:13:58.353 [Thread-1] INFO  server-logger - PORT: 53801
MESSAGE:
 INIT: 0a
 BYTES: 0a
 FRAME: a1
 DATA: 7465737465
 CRC: b7
 END: 0d
2020-07-26 02:14:01.368 [Thread-1] INFO  server-logger - PORT: 53801
MESSAGE:
 INIT: 0a
 BYTES: 0a
 FRAME: a1
 DATA: 7465737465
 CRC: b7
 END: 0d
2020-07-26 02:14:02.207 [Thread-1] INFO  server-logger - PORT: 53801
MESSAGE:
 INIT: 0a
 BYTES: 0a
 FRAME: a1
 DATA: 7465737465
 CRC: b7
 END: 0d
2020-07-26 02:14:02.952 [Thread-1] INFO  server-logger - PORT: 53801
MESSAGE:
 INIT: 0a
 BYTES: 0a
 FRAME: a1
 DATA: 7465737465
 CRC: b7
 END: 0d
2020-07-26 02:14:03.667 [Thread-1] INFO  server-logger - PORT: 53801
MESSAGE:
 INIT: 0a
 BYTES: 0a
 FRAME: a1
 DATA: 7465737465
 CRC: b7
 END: 0d
2020-07-26 02:14:04.456 [Thread-1] INFO  server-logger - PORT: 53801
MESSAGE:
 INIT: 0a
 BYTES: 0b
 FRAME: a1
 DATA: 746573746573
 CRC: 41
 END: 0d
2020-07-26 02:14:34.827 [Thread-1] INFO  server-logger - PORT: 53861
MESSAGE:
 INIT: 0a
 BYTES: 0a
 FRAME: a1
 DATA: 7465737465
 CRC: b7
 END: 0d
2020-07-26 02:14:38.039 [Thread-1] INFO  server-logger - PORT: 53861
MESSAGE:
 INIT: 0a
 BYTES: 0a
 FRAME: a1
 DATA: 7465737465
 CRC: b7
 END: 0d
2020-07-26 02:14:38.042 [Thread-1] INFO  server-logger - PORT: 53861
MESSAGE:
 INIT: 0a
 BYTES: 0a
 FRAME: a1
 DATA: 7465737465
 CRC: b7
 END: 0d
2020-07-26 02:21:46.406 [Thread-1] INFO  server-logger - PORT: 54348
MESSAGE:
 INIT: 0a
 BYTES: 0a
 FRAME: a1
 DATA: 7465737465
 CRC: b7
 END: 0d
2020-07-26 02:21:52.116 [Thread-1] INFO  server-logger - PORT: 54348
MESSAGE:
 INIT: 0a
 BYTES: 0a
 FRAME: a1
 DATA: 7465737465
 CRC: b7
 END: 0d
2020-07-26 02:21:53.240 [Thread-1] INFO  server-logger - PORT: 54348
MESSAGE:
 INIT: 0a
 BYTES: 0a
 FRAME: a1
 DATA: 7465737465
 CRC: b7
 END: 0d
2020-07-26 02:22:06.265 [Thread-1] INFO  server-logger - PORT: 54376
MESSAGE:
 INIT: 0a
 BYTES: 09
 FRAME: a1
 DATA: 74657465
 CRC: 52
 END: 0d
2020-07-26 02:23:49.520 [Thread-1] INFO  server-logger - PORT: 54477
MESSAGE:
 INIT: 0a
 BYTES: 0a
 FRAME: a1
 DATA: 7465737465
 CRC: b7
 END: 0d
2020-07-26 02:23:55.377 [Thread-1] INFO  server-logger - PORT: 54477
MESSAGE:
 INIT: 0a
 BYTES: 0a
 FRAME: a1
 DATA: 7465737465
 CRC: b7
 END: 0d
2020-07-26 02:23:56.112 [Thread-1] INFO  server-logger - PORT: 54477
MESSAGE:
 INIT: 0a
 BYTES: 0a
 FRAME: a1
 DATA: 7465737465
 CRC: b7
 END: 0d
2020-07-26 02:23:56.872 [Thread-1] INFO  server-logger - PORT: 54477
MESSAGE:
 INIT: 0a
 BYTES: 0a
 FRAME: a1
 DATA: 7465737465
 CRC: b7
 END: 0d
2020-07-26 02:23:57.808 [Thread-1] INFO  server-logger - PORT: 54477
MESSAGE:
 INIT: 0a
 BYTES: 0a
 FRAME: a1
 DATA: 7465737465
 CRC: b7
 END: 0d
2020-07-26 02:23:58.489 [Thread-1] INFO  server-logger - PORT: 54477
MESSAGE:
 INIT: 0a
 BYTES: 0a
 FRAME: a1
 DATA: 7465737465
 CRC: b7
 END: 0d
2020-07-26 02:24:12.444 [Thread-1] INFO  server-logger - PORT: 54510
MESSAGE:
 INIT: 0a
 BYTES: 0a
 FRAME: a1
 DATA: 7465737465
 CRC: b7
 END: 0d
2020-07-26 02:24:15.843 [Thread-1] INFO  server-logger - PORT: 54510
MESSAGE:
 INIT: 0a
 BYTES: 0a
 FRAME: a1
 DATA: 7465737465
 CRC: b7
 END: 0d
2020-07-26 02:24:17.753 [Thread-1] INFO  server-logger - PORT: 54510
MESSAGE:
 INIT: 0a
 BYTES: 0a
 FRAME: a1
 DATA: 7465737465
 CRC: b7
 END: 0d
2020-07-26 02:24:27.791 [Thread-1] INFO  server-logger - PORT: 54510
MESSAGE:
 INIT: 0a
 BYTES: 0a
 FRAME: a1
 DATA: 7465737465
 CRC: b7
 END: 0d
2020-07-26 02:24:44.457 [Thread-1] INFO  server-logger - PORT: 54548
MESSAGE:
 INIT: 0a
 BYTES: 0a
 FRAME: a1
 DATA: 7465737465
 CRC: b7
 END: 0d
2020-07-26 02:24:52.592 [Thread-1] INFO  server-logger - PORT: 54548
MESSAGE:
 INIT: 0a
 BYTES: 0a
 FRAME: a1
 DATA: 7465737465
 CRC: b7
 END: 0d
2020-07-26 02:24:53.497 [Thread-1] INFO  server-logger - PORT: 54548
MESSAGE:
 INIT: 0a
 BYTES: 0a
 FRAME: a1
 DATA: 7465737465
 CRC: b7
 END: 0d
2020-07-26 02:24:54.232 [Thread-1] INFO  server-logger - PORT: 54548
MESSAGE:
 INIT: 0a
 BYTES: 0a
 FRAME: a1
 DATA: 7465737465
 CRC: b7
 END: 0d
2020-07-26 02:24:58.337 [Thread-2] INFO  server-logger - PORT: 54563
MESSAGE:
 INIT: 0a
 BYTES: 0a
 FRAME: a1
 DATA: 7465737465
 CRC: b7
 END: 0d
2020-07-26 02:25:00.184 [Thread-2] INFO  server-logger - PORT: 54563
MESSAGE:
 INIT: 0a
 BYTES: 0a
 FRAME: a1
 DATA: 7465737465
 CRC: b7
 END: 0d
2020-07-26 02:25:01.217 [Thread-2] INFO  server-logger - PORT: 54563
MESSAGE:
 INIT: 0a
 BYTES: 0a
 FRAME: a1
 DATA: 7465737465
 CRC: b7
 END: 0d
2020-07-26 02:25:01.912 [Thread-2] INFO  server-logger - PORT: 54563
MESSAGE:
 INIT: 0a
 BYTES: 0a
 FRAME: a1
 DATA: 7465737465
 CRC: b7
 END: 0d
2020-07-26 02:25:06.969 [Thread-3] INFO  server-logger - PORT: 54572
MESSAGE:
 INIT: 0a
 BYTES: 0a
 FRAME: a1
 DATA: 7465737465
 CRC: b7
 END: 0d
2020-07-26 02:25:07.577 [Thread-3] INFO  server-logger - PORT: 54572
MESSAGE:
 INIT: 0a
 BYTES: 0a
 FRAME: a1
 DATA: 7465737465
 CRC: b7
 END: 0d
2020-07-26 02:25:08.200 [Thread-3] INFO  server-logger - PORT: 54572
MESSAGE:
 INIT: 0a
 BYTES: 0a
 FRAME: a1
 DATA: 7465737465
 CRC: b7
 END: 0d
2020-07-26 02:25:08.808 [Thread-3] INFO  server-logger - PORT: 54572
MESSAGE:
 INIT: 0a
 BYTES: 0b
 FRAME: a1
 DATA: 746573736574
 CRC: 42
 END: 0d
2020-07-26 02:25:27.009 [Thread-3] INFO  server-logger - PORT: 54572
MESSAGE:
 INIT: 0a
 BYTES: 0b
 FRAME: a1
 DATA: 746573736574
 CRC: 42
 END: 0d
2020-07-26 02:25:27.697 [Thread-3] INFO  server-logger - PORT: 54572
MESSAGE:
 INIT: 0a
 BYTES: 0b
 FRAME: a1
 DATA: 746573736574
 CRC: 42
 END: 0d
2020-07-26 02:25:37.281 [Thread-4] INFO  server-logger - PORT: 54603
MESSAGE:
 INIT: 0a
 BYTES: 09
 FRAME: a1
 DATA: 74657465
 CRC: 52
 END: 0d
2020-07-26 02:25:38.040 [Thread-4] INFO  server-logger - PORT: 54603
MESSAGE:
 INIT: 0a
 BYTES: 0a
 FRAME: a1
 DATA: 7465737465
 CRC: b7
 END: 0d
2020-07-26 02:25:38.728 [Thread-4] INFO  server-logger - PORT: 54603
MESSAGE:
 INIT: 0a
 BYTES: 0a
 FRAME: a1
 DATA: 7465737465
 CRC: b7
 END: 0d
2020-07-26 02:25:39.392 [Thread-4] INFO  server-logger - PORT: 54603
MESSAGE:
 INIT: 0a
 BYTES: 09
 FRAME: a1
 DATA: 74736574
 CRC: b8
 END: 0d
2020-07-26 02:25:40.055 [Thread-4] INFO  server-logger - PORT: 54603
MESSAGE:
 INIT: 0a
 BYTES: 09
 FRAME: a1
 DATA: 74657374
 CRC: 4e
 END: 0d
2020-07-26 02:25:40.720 [Thread-4] INFO  server-logger - PORT: 54603
MESSAGE:
 INIT: 0a
 BYTES: 08
 FRAME: a1
 DATA: 746573
 CRC: d6
 END: 0d
2020-07-26 02:25:41.344 [Thread-4] INFO  server-logger - PORT: 54603
MESSAGE:
 INIT: 0a
 BYTES: 08
 FRAME: a1
 DATA: 746573
 CRC: d6
 END: 0d
2020-07-26 02:26:45.103 [Thread-1] INFO  server-logger - PORT: 54688
MESSAGE:
 INIT: 0a
 BYTES: 0a
 FRAME: a1
 DATA: 7465737465
 CRC: b7
 END: 0d
2020-07-26 02:32:37.016 [Thread-1] INFO  server-logger - PORT: 55214
MESSAGE:
 INIT: 0a
 BYTES: 16
 FRAME: a1
 DATA: 74657374616e646f206120706172616461
 CRC: a3
 END: 0d
2020-07-26 02:33:20.911 [Thread-1] INFO  server-logger - PORT: 55262
MESSAGE:
 INIT: 0a
 BYTES: 0a
 FRAME: a1
 DATA: 7465737465
 CRC: b7
 END: 0d
2020-07-26 02:33:23.839 [Thread-1] INFO  server-logger - PORT: 55262
MESSAGE:
 INIT: 0a
 BYTES: 0a
 FRAME: a1
 DATA: 7465737465
 CRC: b7
 END: 0d
2020-07-26 02:33:25.840 [Thread-1] INFO  server-logger - PORT: 55262
MESSAGE:
 INIT: 0a
 BYTES: 10
 FRAME: a1
 DATA: 7465737465616e66617364
 CRC: c9
 END: 0d
2020-07-26 02:33:27.297 [Thread-1] INFO  server-logger - PORT: 55262
MESSAGE:
 INIT: 0a
 BYTES: 0f
 FRAME: a1
 DATA: 73646673646673666461
 CRC: 24
 END: 0d
2020-07-26 02:33:36.464 [Thread-1] INFO  server-logger - PORT: 55262
MESSAGE:
 INIT: 0a
 BYTES: 0d
 FRAME: a1
 DATA: 6466617366617364
 CRC: 65
 END: 0d
2020-07-26 02:33:37.520 [Thread-1] INFO  server-logger - PORT: 55262
MESSAGE:
 INIT: 0a
 BYTES: 13
 FRAME: a1
 DATA: 6173646661736664616673647366
 CRC: c6
 END: 0d
2020-07-26 02:33:38.472 [Thread-1] INFO  server-logger - PORT: 55262
MESSAGE:
 INIT: 0a
 BYTES: 11
 FRAME: a1
 DATA: 617364666661736473616664
 CRC: bd
 END: 0d
2020-07-26 02:34:48.470 [Thread-1] INFO  server-logger - PORT: 55380
MESSAGE:
 INIT: 0a
 BYTES: 0a
 FRAME: a1
 DATA: 7465737465
 CRC: b7
 END: 0d
2020-07-26 02:34:51.398 [Thread-1] INFO  server-logger - PORT: 55380
MESSAGE:
 INIT: 0a
 BYTES: 0a
 FRAME: a1
 DATA: 7465737465
 CRC: b7
 END: 0d
2020-07-26 02:34:51.401 [Thread-1] INFO  server-logger - PORT: 55380
MESSAGE:
 INIT: 0a
 BYTES: 0a
 FRAME: a1
 DATA: 7465737465
 CRC: b7
 END: 0d
2020-07-26 02:34:53.336 [Thread-1] INFO  server-logger - PORT: 55380
MESSAGE:
 INIT: 0a
 BYTES: 0a
 FRAME: a1
 DATA: 7465737465
 CRC: b7
 END: 0d
2020-07-26 02:34:54.095 [Thread-1] INFO  server-logger - PORT: 55380
MESSAGE:
 INIT: 0a
 BYTES: 0a
 FRAME: a1
 DATA: 7465737465
 CRC: b7
 END: 0d
2020-07-26 02:34:56.000 [Thread-1] INFO  server-logger - PORT: 55380
MESSAGE:
 INIT: 0a
 BYTES: 17
 FRAME: a1
 DATA: 746573746574656573746573746573747365
 CRC: 90
 END: 0d
2020-07-26 02:34:58.913 [Thread-1] INFO  server-logger - PORT: 55380
MESSAGE:
 INIT: 0a
 BYTES: 12
 FRAME: a1
 DATA: 76656e646f206f207465737465
 CRC: fd
 END: 0d
2020-07-26 02:35:03.608 [Thread-1] INFO  server-logger - PORT: 55380
MESSAGE:
 INIT: 0a
 BYTES: 16
 FRAME: a1
 DATA: 717565206d657264616465206465206462
 CRC: fb
 END: 0d
2020-07-26 02:37:22.575 [Thread-1] INFO  server-logger - PORT: 55543
MESSAGE:
 INIT: 0a
 BYTES: 0a
 FRAME: a1
 DATA: 7465737465
 CRC: b7
 END: 0d
2020-07-26 02:37:25.092 [Thread-1] INFO  server-logger - PORT: 55543
MESSAGE:
 INIT: 0a
 BYTES: 0a
 FRAME: a1
 DATA: 7465737465
 CRC: b7
 END: 0d
2020-07-26 02:37:57.562 [Thread-1] INFO  server-logger - PORT: 55605
MESSAGE:
 INIT: 0a
 BYTES: 0a
 FRAME: a1
 DATA: 7465737465
 CRC: b7
 END: 0d
2020-07-26 02:38:39.322 [Thread-1] INFO  server-logger - PORT: 55673
MESSAGE:
 INIT: 0a
 BYTES: 0d
 FRAME: a1
 DATA: 74657374616e646f
 CRC: f9
 END: 0d
2020-07-26 02:38:43.565 [Thread-1] INFO  server-logger - PORT: 55673
MESSAGE:
 INIT: 0a
 BYTES: 0a
 FRAME: a1
 DATA: 706f727261
 CRC: ad
 END: 0d
2020-07-26 02:39:09.491 [Thread-1] INFO  server-logger - PORT: 55713
MESSAGE:
 INIT: 0a
 BYTES: 0a
 FRAME: a1
 DATA: 7465737465
 CRC: b7
 END: 0d
2020-07-26 15:45:00.863 [Thread-1] INFO  server-logger - PORT: 51409
MESSAGE:
 INIT: 0a
 BYTES: 08
 FRAME: a1
 DATA: 667364
 CRC: ee
 END: 0d
2020-07-26 15:45:04.386 [Thread-1] INFO  server-logger - PORT: 51409
MESSAGE:
 INIT: 0a
 BYTES: 08
 FRAME: a1
 DATA: 666473
 CRC: b7
 END: 0d
2020-07-26 15:45:05.665 [Thread-1] INFO  server-logger - PORT: 51409
MESSAGE:
 INIT: 0a
 BYTES: 08
 FRAME: a1
 DATA: 667364
 CRC: ee
 END: 0d
2020-07-26 15:45:06.537 [Thread-1] INFO  server-logger - PORT: 51409
MESSAGE:
 INIT: 0a
 BYTES: 08
 FRAME: a1
 DATA: 736466
 CRC: be
 END: 0d
2020-07-26 15:45:07.201 [Thread-1] INFO  server-logger - PORT: 51409
MESSAGE:
 INIT: 0a
 BYTES: 08
 FRAME: a1
 DATA: 647366
 CRC: 36
 END: 0d
2020-07-26 15:45:07.753 [Thread-1] INFO  server-logger - PORT: 51409
MESSAGE:
 INIT: 0a
 BYTES: 08
 FRAME: a1
 DATA: 647366
 CRC: 36
 END: 0d
2020-07-26 15:45:08.330 [Thread-1] INFO  server-logger - PORT: 51409
MESSAGE:
 INIT: 0a
 BYTES: 08
 FRAME: a1
 DATA: 647366
 CRC: 36
 END: 0d
2020-07-26 15:45:08.889 [Thread-1] INFO  server-logger - PORT: 51409
MESSAGE:
 INIT: 0a
 BYTES: 08
 FRAME: a1
 DATA: 647366
 CRC: 36
 END: 0d
2020-07-26 15:45:09.369 [Thread-1] INFO  server-logger - PORT: 51409
MESSAGE:
 INIT: 0a
 BYTES: 08
 FRAME: a1
 DATA: 666473
 CRC: b7
 END: 0d
2020-07-26 15:45:09.914 [Thread-1] INFO  server-logger - PORT: 51409
MESSAGE:
 INIT: 0a
 BYTES: 08
 FRAME: a1
 DATA: 647366
 CRC: 36
 END: 0d
2020-07-26 15:45:10.401 [Thread-1] INFO  server-logger - PORT: 51409
MESSAGE:
 INIT: 0a
 BYTES: 08
 FRAME: a1
 DATA: 647366
 CRC: 36
 END: 0d
2020-07-26 15:45:10.953 [Thread-1] INFO  server-logger - PORT: 51409
MESSAGE:
 INIT: 0a
 BYTES: 08
 FRAME: a1
 DATA: 736466
 CRC: be
 END: 0d
2020-07-26 15:45:11.441 [Thread-1] INFO  server-logger - PORT: 51409
MESSAGE:
 INIT: 0a
 BYTES: 08
 FRAME: a1
 DATA: 736664
 CRC: 9a
 END: 0d
2020-07-26 15:45:11.921 [Thread-1] INFO  server-logger - PORT: 51409
MESSAGE:
 INIT: 0a
 BYTES: 08
 FRAME: a1
 DATA: 736664
 CRC: 9a
 END: 0d
2020-07-26 15:45:12.362 [Thread-1] INFO  server-logger - PORT: 51409
MESSAGE:
 INIT: 0a
 BYTES: 08
 FRAME: a1
 DATA: 667364
 CRC: ee
 END: 0d
2020-07-26 15:45:13.037 [Thread-1] INFO  server-logger - PORT: 51409
MESSAGE:
 INIT: 0a
 BYTES: 08
 FRAME: a1
 DATA: 736466
 CRC: be
 END: 0d
2020-07-26 15:45:15.770 [Thread-1] INFO  server-logger - PORT: 51409
MESSAGE:
 INIT: 0a
 BYTES: 11
 FRAME: a1
 DATA: 736466646673646674657364
 CRC: 74
 END: 0d
2020-07-26 15:45:28.267 [Thread-1] INFO  server-logger - PORT: 51409
MESSAGE:
 INIT: 0a
 BYTES: 0e
 FRAME: a1
 DATA: 706f72747567756573
 CRC: 4c
 END: 0d
2020-07-26 15:45:31.050 [Thread-1] INFO  server-logger - PORT: 51409
MESSAGE:
 INIT: 0a
 BYTES: 0b
 FRAME: a1
 DATA: 696e676c6573
 CRC: 6e
 END: 0d
2020-07-26 15:45:34.266 [Thread-1] INFO  server-logger - PORT: 51409
MESSAGE:
 INIT: 0a
 BYTES: 0d
 FRAME: a1
 DATA: 657370616e686f6c
 CRC: 57
 END: 0d
2020-07-26 15:45:36.807 [Thread-1] INFO  server-logger - PORT: 51409
MESSAGE:
 INIT: 0a
 BYTES: 0c
 FRAME: a1
 DATA: 6672616e636573
 CRC: 84
 END: 0d
2020-07-26 15:45:40.379 [Thread-1] INFO  server-logger - PORT: 51409
MESSAGE:
 INIT: 0a
 BYTES: 0a
 FRAME: a1
 DATA: 76656c6173
 CRC: e2
 END: 0d
2020-07-26 17:10:48.918 [Thread-1] INFO  server-logger - PORT: 58485
MESSAGE:
 INIT: 0a
 BYTES: 0a
 FRAME: a1
 DATA: 7465737465
 CRC: b7
 END: 0d
2020-07-26 17:12:32.229 [Thread-1] INFO  server-logger - PORT: 58640
MESSAGE:
 INIT: 0a
 BYTES: 0a
 FRAME: a1
 DATA: 7465737465
 CRC: b7
 END: 0d
2020-07-26 17:13:33.761 [Thread-1] INFO  server-logger - PORT: 58711
MESSAGE:
 INIT: 0a
 BYTES: 0a
 FRAME: a1
 DATA: 7465737465
 CRC: b7
 END: 0d
2020-07-26 17:14:19.319 [Thread-1] INFO  server-logger - PORT: 58772
MESSAGE:
 INIT: 0a
 BYTES: 09
 FRAME: a1
 DATA: 74657465
 CRC: 52
 END: 0d
2020-07-26 17:14:56.341 [Thread-1] INFO  server-logger - PORT: 58820
MESSAGE:
 INIT: 0a
 BYTES: 0a
 FRAME: a1
 DATA: 7465737465
 CRC: b7
 END: 0d
2020-07-26 17:20:51.410 [Thread-1] INFO  server-logger - PORT: 59254
MESSAGE:
 INIT: 0a
 BYTES: 0a
 FRAME: a1
 DATA: 7465737465
 CRC: b7
 END: 0d
2020-07-26 17:23:17.203 [Thread-1] INFO  server-logger - PORT: 55735
MESSAGE:
 INIT: 0a
 BYTES: 0a
 FRAME: a1
 DATA: 7465737465
 CRC: b7
 END: 0d
2020-07-26 17:24:21.810 [Thread-1] INFO  server-logger - PORT: 55832
MESSAGE:
 INIT: 0a
 BYTES: 0a
 FRAME: a1
 DATA: 7465737465
 CRC: b7
 END: 0d
2020-07-26 17:27:31.937 [Thread-1] INFO  server-logger - PORT: 56057
MESSAGE:
 INIT: 0a
 BYTES: 0a
 FRAME: a1
 DATA: 7465737465
 CRC: b7
 END: 0d
2020-07-26 17:28:42.098 [Thread-1] INFO  server-logger - PORT: 56136
MESSAGE:
 INIT: 0a
 BYTES: 0a
 FRAME: a1
 DATA: 7465737465
 CRC: b7
 END: 0d
2020-07-26 17:29:36.922 [Thread-1] INFO  server-logger - PORT: 56198
MESSAGE:
 INIT: 0a
 BYTES: 0a
 FRAME: a1
 DATA: 7465737465
 CRC: b7
 END: 0d
2020-07-26 17:30:28.997 [Thread-1] INFO  server-logger - PORT: 56255
MESSAGE:
 INIT: 0a
 BYTES: 0a
 FRAME: a1
 DATA: 7465737465
 CRC: b7
 END: 0d
2020-07-26 17:31:43.497 [Thread-1] INFO  server-logger - PORT: 56344
MESSAGE:
 INIT: 0a
 BYTES: 0a
 FRAME: a1
 DATA: 7465737465
 CRC: b7
 END: 0d
2020-07-26 17:46:05.642 [Thread-1] INFO  server-logger - PORT: 58649
MESSAGE:
 INIT: 0a
 BYTES: 0a
 FRAME: a1
 DATA: 7465737465
 CRC: b7
 END: 0d
2020-07-26 17:48:36.545 [Thread-1] INFO  server-logger - PORT: 58816
MESSAGE:
 INIT: 0a
 BYTES: 09
 FRAME: a1
 DATA: 74657465
 CRC: 52
 END: 0d
2020-07-26 17:49:21.315 [Thread-1] INFO  server-logger - PORT: 58869
MESSAGE:
 INIT: 0a
 BYTES: 0a
 FRAME: a1
 DATA: 7465737465
 CRC: b7
 END: 0d
2020-07-26 17:51:33.224 [Thread-1] INFO  server-logger - PORT: 59005
MESSAGE:
 INIT: 0a
 BYTES: 0a
 FRAME: a1
 DATA: 7465737465
 CRC: b7
 END: 0d
2020-07-26 17:52:31.495 [Thread-1] INFO  server-logger - PORT: 59067
MESSAGE:
 INIT: 0a
 BYTES: 0a
 FRAME: a1
 DATA: 7465737465
 CRC: b7
 END: 0d
2020-07-26 17:58:09.794 [Thread-1] INFO  server-logger - PORT: 61480
MESSAGE:
 INIT: 0a
 BYTES: 0a
 FRAME: a1
 DATA: 7465737465
 CRC: b7
 END: 0d
2020-07-26 17:58:22.660 [Thread-1] INFO  server-logger - PORT: 61480
MESSAGE:
 INIT: 0a
 BYTES: 0a
 FRAME: a1
 DATA: 7465737465
 CRC: b7
 END: 0d
2020-07-26 17:58:23.452 [Thread-1] INFO  server-logger - PORT: 61480
MESSAGE:
 INIT: 0a
 BYTES: 0a
 FRAME: a1
 DATA: 7465737465
 CRC: b7
 END: 0d
2020-07-26 17:58:24.044 [Thread-1] INFO  server-logger - PORT: 61480
MESSAGE:
 INIT: 0a
 BYTES: 0a
 FRAME: a1
 DATA: 7465737465
 CRC: b7
 END: 0d
2020-07-26 17:58:25.196 [Thread-1] INFO  server-logger - PORT: 61480
MESSAGE:
 INIT: 0a
 BYTES: 0f
 FRAME: a2
 DATA: 207ac30c77696c6c6572
 CRC: f7
 END: 0d
2020-07-26 17:58:29.084 [Thread-1] INFO  server-logger - PORT: 61480
MESSAGE:
 INIT: 0a
 BYTES: 0f
 FRAME: a2
 DATA: 207ac30c77696c6c6572
 CRC: f7
 END: 0d
2020-07-26 17:58:30.708 [Thread-1] INFO  server-logger - PORT: 61480
MESSAGE:
 INIT: 0a
 BYTES: 0f
 FRAME: a2
 DATA: 207ac30c77696c6c6572
 CRC: f7
 END: 0d
2020-07-26 17:58:32.763 [Thread-1] INFO  server-logger - PORT: 61480
MESSAGE:
 INIT: 0a
 BYTES: 16
 FRAME: a3
 DATA: 416d65726963612f53616f5f5061756c6f
 CRC: cd
 END: 0d
2020-07-26 17:58:35.011 [Thread-1] INFO  server-logger - PORT: 61480
MESSAGE:
 INIT: 0a
 BYTES: 16
 FRAME: a3
 DATA: 416d65726963612f53616f5f5061756c6f
 CRC: cd
 END: 0d
2020-07-26 17:58:37.007 [Thread-1] INFO  server-logger - PORT: 61480
MESSAGE:
 INIT: 0a
 BYTES: 0c
 FRAME: a1
 DATA: 31207465736574
 CRC: 59
 END: 0d
2020-07-26 17:58:38.973 [Thread-1] INFO  server-logger - PORT: 61480
MESSAGE:
 INIT: 0a
 BYTES: 0c
 FRAME: a1
 DATA: 31207465737465
 CRC: 6c
 END: 0d
2020-07-26 17:58:40.477 [Thread-1] INFO  server-logger - PORT: 61480
MESSAGE:
 INIT: 0a
 BYTES: 16
 FRAME: a3
 DATA: 416d65726963612f53616f5f5061756c6f
 CRC: cd
 END: 0d
2020-07-26 17:58:42.125 [Thread-1] INFO  server-logger - PORT: 61480
MESSAGE:
 INIT: 0a
 BYTES: 16
 FRAME: a3
 DATA: 416d65726963612f53616f5f5061756c6f
 CRC: cd
 END: 0d
2020-07-26 17:58:43.837 [Thread-1] INFO  server-logger - PORT: 61480
MESSAGE:
 INIT: 0a
 BYTES: 0c
 FRAME: a1
 DATA: 31207465737465
 CRC: 6c
 END: 0d
2020-07-26 17:58:45.381 [Thread-1] INFO  server-logger - PORT: 61480
MESSAGE:
 INIT: 0a
 BYTES: 0b
 FRAME: a1
 DATA: 317465737465
 CRC: cf
 END: 0d
2020-07-26 17:58:47.621 [Thread-1] INFO  server-logger - PORT: 61480
MESSAGE:
 INIT: 0a
 BYTES: 0f
 FRAME: a2
 DATA: 207ac30c77696c6c6572
 CRC: f7
 END: 0d
2020-07-26 17:58:49.941 [Thread-1] INFO  server-logger - PORT: 61480
MESSAGE:
 INIT: 0a
 BYTES: 0f
 FRAME: a2
 DATA: 207ac30c77696c6c6572
 CRC: f7
 END: 0d
2020-07-26 17:58:51.342 [Thread-1] INFO  server-logger - PORT: 61480
MESSAGE:
 INIT: 0a
 BYTES: 16
 FRAME: a3
 DATA: 416d65726963612f53616f5f5061756c6f
 CRC: cd
 END: 0d
2020-07-26 17:58:52.773 [Thread-1] INFO  server-logger - PORT: 61480
MESSAGE:
 INIT: 0a
 BYTES: 16
 FRAME: a3
 DATA: 416d65726963612f53616f5f5061756c6f
 CRC: cd
 END: 0d
2020-07-26 17:58:54.157 [Thread-1] INFO  server-logger - PORT: 61480
MESSAGE:
 INIT: 0a
 BYTES: 0c
 FRAME: a1
 DATA: 31746573746573
 CRC: 55
 END: 0d
2020-07-26 18:03:27.356 [Thread-1] INFO  server-logger - PORT: 61866
MESSAGE:
 INIT: 0a
 BYTES: 0a
 FRAME: a1
 DATA: 7465737465
 CRC: b7
 END: 0d
2020-07-26 18:03:30.608 [Thread-1] INFO  server-logger - PORT: 61866
MESSAGE:
 INIT: 0a
 BYTES: 0a
 FRAME: a1
 DATA: 7465737465
 CRC: b7
 END: 0d
2020-07-26 18:03:30.611 [Thread-1] INFO  server-logger - PORT: 61866
MESSAGE:
 INIT: 0a
 BYTES: 09
 FRAME: a1
 DATA: 74657374
 CRC: 4e
 END: 0d
2020-07-26 18:03:31.892 [Thread-1] INFO  server-logger - PORT: 61866
MESSAGE:
 INIT: 0a
 BYTES: 0a
 FRAME: a1
 DATA: 7465737465
 CRC: b7
 END: 0d
2020-07-26 18:03:32.898 [Thread-1] INFO  server-logger - PORT: 61866
MESSAGE:
 INIT: 0a
 BYTES: 0b
 FRAME: a1
 DATA: 746573746573
 CRC: 41
 END: 0d
2020-07-26 18:03:37.020 [Thread-1] INFO  server-logger - PORT: 61866
MESSAGE:
 INIT: 0a
 BYTES: 0f
 FRAME: a2
 DATA: 207ac30c77696c6c6572
 CRC: f7
 END: 0d
2020-07-26 18:03:38.724 [Thread-1] INFO  server-logger - PORT: 61866
MESSAGE:
 INIT: 0a
 BYTES: 0f
 FRAME: a2
 DATA: 207ac30c77696c6c6572
 CRC: f7
 END: 0d
2020-07-26 18:03:40.300 [Thread-1] INFO  server-logger - PORT: 61866
MESSAGE:
 INIT: 0a
 BYTES: 0f
 FRAME: a2
 DATA: 207ac30c77696c6c6572
 CRC: f7
 END: 0d
2020-07-26 18:03:43.836 [Thread-1] INFO  server-logger - PORT: 61866
MESSAGE:
 INIT: 0a
 BYTES: 16
 FRAME: a3
 DATA: 416d65726963612f53616f5f5061756c6f
 CRC: cd
 END: 0d
2020-07-26 18:03:45.903 [Thread-1] INFO  server-logger - PORT: 61866
MESSAGE:
 INIT: 0a
 BYTES: 16
 FRAME: a3
 DATA: 416d65726963612f53616f5f5061756c6f
 CRC: cd
 END: 0d
2020-07-26 18:03:47.981 [Thread-1] INFO  server-logger - PORT: 61866
MESSAGE:
 INIT: 0a
 BYTES: 16
 FRAME: a3
 DATA: 416d65726963612f53616f5f5061756c6f
 CRC: cd
 END: 0d
2020-07-26 18:07:06.588 [Thread-1] INFO  server-logger - PORT: 62107
MESSAGE:
 INIT: 0a
 BYTES: 0a
 FRAME: a1
 DATA: 7465737465
 CRC: b7
 END: 0d
2020-07-26 18:10:54.260 [Thread-1] INFO  server-logger - PORT: 62407
MESSAGE:
 INIT: 0a
 BYTES: 0a
 FRAME: a1
 DATA: 7465737465
 CRC: b7
 END: 0d
2020-07-26 18:10:58.637 [Thread-1] INFO  server-logger - PORT: 62407
MESSAGE:
 INIT: 0a
 BYTES: 0f
 FRAME: a2
 DATA: 207ac30c77696c6c6572
 CRC: f7
 END: 0d
2020-07-26 18:11:45.836 [Thread-1] INFO  server-logger - PORT: 62467
MESSAGE:
 INIT: 0a
 BYTES: 0a
 FRAME: a1
 DATA: 7465737465
 CRC: b7
 END: 0d
2020-07-26 18:11:50.812 [Thread-1] INFO  server-logger - PORT: 62467
MESSAGE:
 INIT: 0a
 BYTES: 0a
 FRAME: a1
 DATA: 7465737465
 CRC: b7
 END: 0d
2020-07-26 18:11:52.891 [Thread-1] INFO  server-logger - PORT: 62467
MESSAGE:
 INIT: 0a
 BYTES: 16
 FRAME: a3
 DATA: 416d65726963612f53616f5f5061756c6f
 CRC: cd
 END: 0d
2020-07-26 18:11:55.108 [Thread-1] INFO  server-logger - PORT: 62467
MESSAGE:
 INIT: 0a
 BYTES: 16
 FRAME: a3
 DATA: 416d65726963612f53616f5f5061756c6f
 CRC: cd
 END: 0d
2020-07-26 18:11:56.828 [Thread-1] INFO  server-logger - PORT: 62467
MESSAGE:
 INIT: 0a
 BYTES: 16
 FRAME: a3
 DATA: 416d65726963612f53616f5f5061756c6f
 CRC: cd
 END: 0d
2020-07-26 18:12:01.454 [Thread-1] INFO  server-logger - PORT: 62467
MESSAGE:
 INIT: 0a
 BYTES: 0f
 FRAME: a2
 DATA: 207ac30c77696c6c6572
 CRC: f7
 END: 0d
2020-07-26 18:12:15.614 [Thread-1] INFO  server-logger - PORT: 62500
MESSAGE:
 INIT: 0a
 BYTES: 0f
 FRAME: a2
 DATA: 207ac30c77696c6c6572
 CRC: f7
 END: 0d
2020-07-26 18:14:02.422 [Thread-1] INFO  server-logger - PORT: 62639
MESSAGE:
 INIT: 0a
 BYTES: 0a
 FRAME: a1
 DATA: 7465737465
 CRC: b7
 END: 0d
2020-07-26 18:14:07.132 [Thread-1] INFO  server-logger - PORT: 62639
MESSAGE:
 INIT: 0a
 BYTES: 0f
 FRAME: a2
 DATA: 207ac30c77696c6c6572
 CRC: f7
 END: 0d
2020-07-26 18:19:39.133 [Thread-1] INFO  server-logger - PORT: 62957
MESSAGE:
 INIT: 0a
 BYTES: 0a
 FRAME: a1
 DATA: 7465737465
 CRC: b7
 END: 0d
2020-07-26 18:19:44.741 [Thread-1] INFO  server-logger - PORT: 62957
MESSAGE:
 INIT: 0a
 BYTES: 0f
 FRAME: a2
 DATA: 207ac30c77696c6c6572
 CRC: f7
 END: 0d
2020-07-26 18:21:04.828 [Thread-1] INFO  server-logger - PORT: 63047
MESSAGE:
 INIT: 0a
 BYTES: 0a
 FRAME: a1
 DATA: 7465737465
 CRC: b7
 END: 0d
2020-07-26 18:21:11.165 [Thread-1] INFO  server-logger - PORT: 63047
MESSAGE:
 INIT: 0a
 BYTES: 0f
 FRAME: a1
 DATA: 696e6372656469626c65
 CRC: 95
 END: 0d
2020-07-26 18:21:14.789 [Thread-1] INFO  server-logger - PORT: 63047
MESSAGE:
 INIT: 0a
 BYTES: 16
 FRAME: a3
 DATA: 416d65726963612f53616f5f5061756c6f
 CRC: cd
 END: 0d
2020-07-26 18:21:18.733 [Thread-1] INFO  server-logger - PORT: 63047
MESSAGE:
 INIT: 0a
 BYTES: 0f
 FRAME: a2
 DATA: 207ac30c77696c6c6572
 CRC: f7
 END: 0d
2020-07-26 18:32:02.358 [Thread-1] INFO  server-logger - PORT: 63971
MESSAGE:
 INIT: 0a
 BYTES: 09
 FRAME: a1
 DATA: 74657465
 CRC: 52
 END: 0d
2020-07-26 18:32:05.673 [Thread-1] INFO  server-logger - PORT: 63971
MESSAGE:
 INIT: 0a
 BYTES: 0a
 FRAME: a1
 DATA: 7465737465
 CRC: b7
 END: 0d
2020-07-26 18:32:07.468 [Thread-1] INFO  server-logger - PORT: 63971
MESSAGE:
 INIT: 0a
 BYTES: 0c
 FRAME: a1
 DATA: 31207465737465
 CRC: 6c
 END: 0d
2020-07-26 18:32:09.212 [Thread-1] INFO  server-logger - PORT: 63971
MESSAGE:
 INIT: 0a
 BYTES: 0c
 FRAME: a1
 DATA: 31207465737465
 CRC: 6c
 END: 0d
2020-07-26 18:32:11.578 [Thread-1] INFO  server-logger - PORT: 63971
MESSAGE:
 INIT: 0a
 BYTES: 16
 FRAME: a3
 DATA: 416d65726963612f53616f5f5061756c6f
 CRC: cd
 END: 0d
2020-07-26 18:32:15.045 [Thread-1] INFO  server-logger - PORT: 63971
MESSAGE:
 INIT: 0a
 BYTES: 16
 FRAME: a3
 DATA: 416d65726963612f53616f5f5061756c6f
 CRC: cd
 END: 0d
2020-07-26 18:32:17.414 [Thread-1] INFO  server-logger - PORT: 63971
MESSAGE:
 INIT: 0a
 BYTES: 16
 FRAME: a3
 DATA: 416d65726963612f53616f5f5061756c6f
 CRC: cd
 END: 0d
2020-07-26 18:32:22.254 [Thread-1] INFO  server-logger - PORT: 63971
MESSAGE:
 INIT: 0a
 BYTES: 0f
 FRAME: a2
 DATA: 207ac30c77696c6c6572
 CRC: f7
 END: 0d
2020-07-26 18:35:45.980 [Thread-1] INFO  server-logger - PORT: 64213
MESSAGE:
 INIT: 0a
 BYTES: 0a
 FRAME: a1
 DATA: 7465737465
 CRC: b7
 END: 0d
2020-07-26 18:35:47.839 [Thread-1] INFO  server-logger - PORT: 64213
MESSAGE:
 INIT: 0a
 BYTES: 0f
 FRAME: a2
 DATA: 207ac30c77696c6c6572
 CRC: f7
 END: 0d
2020-07-26 18:35:50.514 [Thread-1] INFO  server-logger - PORT: 64213
MESSAGE:
 INIT: 0a
 BYTES: 0f
 FRAME: a2
 DATA: 207ac30c77696c6c6572
 CRC: f7
 END: 0d
2020-07-26 18:36:13.470 [Thread-1] INFO  server-logger - PORT: 64254
MESSAGE:
 INIT: 0a
 BYTES: 0a
 FRAME: a1
 DATA: 7465737465
 CRC: b7
 END: 0d
2020-07-26 18:36:19.430 [Thread-1] INFO  server-logger - PORT: 64254
MESSAGE:
 INIT: 0a
 BYTES: 0f
 FRAME: a2
 DATA: 207ac30c77696c6c6572
 CRC: f7
 END: 0d
2020-07-26 18:36:21.133 [Thread-1] INFO  server-logger - PORT: 64254
MESSAGE:
 INIT: 0a
 BYTES: 0f
 FRAME: a2
 DATA: 207ac30c77696c6c6572
 CRC: f7
 END: 0d
2020-07-26 18:36:23.517 [Thread-1] INFO  server-logger - PORT: 64254
MESSAGE:
 INIT: 0a
 BYTES: 16
 FRAME: a3
 DATA: 416d65726963612f53616f5f5061756c6f
 CRC: cd
 END: 0d
2020-07-26 18:36:25.876 [Thread-1] INFO  server-logger - PORT: 64254
MESSAGE:
 INIT: 0a
 BYTES: 16
 FRAME: a3
 DATA: 416d65726963612f53616f5f5061756c6f
 CRC: cd
 END: 0d
2020-07-26 18:38:13.013 [Thread-1] INFO  server-logger - PORT: 64393
MESSAGE:
 INIT: 0a
 BYTES: 0a
 FRAME: a1
 DATA: 7465737465
 CRC: b7
 END: 0d
2020-07-26 18:38:18.053 [Thread-1] INFO  server-logger - PORT: 64393
MESSAGE:
 INIT: 0a
 BYTES: 16
 FRAME: a3
 DATA: 416d65726963612f53616f5f5061756c6f
 CRC: cd
 END: 0d
2020-07-26 18:39:17.188 [Thread-1] INFO  server-logger - PORT: 64460
MESSAGE:
 INIT: 0a
 BYTES: 0a
 FRAME: a1
 DATA: 7465737465
 CRC: b7
 END: 0d
2020-07-26 18:39:41.892 [Thread-1] INFO  server-logger - PORT: 64460
MESSAGE:
 INIT: 0a
 BYTES: 16
 FRAME: a3
 DATA: 416d65726963612f53616f5f5061756c6f
 CRC: cd
 END: 0d
2020-07-26 18:41:11.253 [Thread-1] INFO  server-logger - PORT: 64572
MESSAGE:
 INIT: 0a
 BYTES: 0a
 FRAME: a1
 DATA: 7465737465
 CRC: b7
 END: 0d
2020-07-26 18:41:14.674 [Thread-1] INFO  server-logger - PORT: 64572
MESSAGE:
 INIT: 0a
 BYTES: 16
 FRAME: a3
 DATA: 416d65726963612f53616f5f5061756c6f
 CRC: cd
 END: 0d
2020-07-26 18:42:07.095 [Thread-1] INFO  server-logger - PORT: 64631
MESSAGE:
 INIT: 0a
 BYTES: 16
 FRAME: a3
 DATA: 416d65726963612f53616f5f5061756c6f
 CRC: cd
 END: 0d
