2020-07-27 22:12:52.276 [pool-2-thread-1] INFO  server-logger - PORT: 63011
MESSAGE:
 INIT: 0a
 BYTES: 0a
 FRAME: a1
 DATA: 7465737465
 CRC: b7
 END: 0d
2020-07-27 22:12:55.479 [pool-2-thread-1] INFO  server-logger - PORT: 63011
MESSAGE:
 INIT: 0a
 BYTES: 0a
 FRAME: a1
 DATA: 7465737465
 CRC: b7
 END: 0d
2020-07-27 22:12:57.582 [pool-2-thread-1] INFO  server-logger - PORT: 63011
MESSAGE:
 INIT: 0a
 BYTES: 0a
 FRAME: a1
 DATA: 7465737265
 CRC: c9
 END: 0d
2020-07-27 22:12:59.055 [pool-2-thread-1] INFO  server-logger - PORT: 63011
MESSAGE:
 INIT: 0a
 BYTES: 0a
 FRAME: a1
 DATA: 7465737465
 CRC: b7
 END: 0d
2020-07-27 22:13:00.488 [pool-2-thread-1] INFO  server-logger - PORT: 63011
MESSAGE:
 INIT: 0a
 BYTES: 0a
 FRAME: a1
 DATA: 7465746573
 CRC: 81
 END: 0d
2020-07-27 22:13:01.839 [pool-2-thread-1] INFO  server-logger - PORT: 63011
MESSAGE:
 INIT: 0a
 BYTES: 0b
 FRAME: a1
 DATA: 746573746573
 CRC: 41
 END: 0d
2020-07-27 22:13:03.311 [pool-2-thread-1] INFO  server-logger - PORT: 63011
MESSAGE:
 INIT: 0a
 BYTES: 0a
 FRAME: a1
 DATA: 7465737473
 CRC: d5
 END: 0d
2020-07-27 22:13:04.663 [pool-2-thread-1] INFO  server-logger - PORT: 63011
MESSAGE:
 INIT: 0a
 BYTES: 0b
 FRAME: a1
 DATA: 746573746573
 CRC: 41
 END: 0d
2020-07-27 22:13:05.960 [pool-2-thread-1] INFO  server-logger - PORT: 63011
MESSAGE:
 INIT: 0a
 BYTES: 0a
 FRAME: a1
 DATA: 7465737473
 CRC: d5
 END: 0d
2020-07-27 22:13:07.184 [pool-2-thread-1] INFO  server-logger - PORT: 63011
MESSAGE:
 INIT: 0a
 BYTES: 0b
 FRAME: a1
 DATA: 746573747365
 CRC: 0a
 END: 0d
2020-07-27 22:13:52.998 [pool-2-thread-1] INFO  server-logger - PORT: 63046
MESSAGE:
 INIT: 0a
 BYTES: 0a
 FRAME: a1
 DATA: 7465737465
 CRC: b7
 END: 0d
2020-07-27 22:13:54.319 [pool-2-thread-1] INFO  server-logger - PORT: 63046
MESSAGE:
 INIT: 0a
 BYTES: 0b
 FRAME: a1
 DATA: 746573746573
 CRC: 41
 END: 0d
2020-07-27 22:13:55.648 [pool-2-thread-1] INFO  server-logger - PORT: 63046
MESSAGE:
 INIT: 0a
 BYTES: 0b
 FRAME: a1
 DATA: 746573746573
 CRC: 41
 END: 0d
2020-07-27 22:14:34.710 [pool-2-thread-1] INFO  server-logger - PORT: 63065
MESSAGE:
 INIT: 0a
 BYTES: 0b
 FRAME: a1
 DATA: 746573746573
 CRC: 41
 END: 0d
2020-07-27 22:14:38.350 [pool-2-thread-1] INFO  server-logger - PORT: 63065
MESSAGE:
 INIT: 0a
 BYTES: 0b
 FRAME: a1
 DATA: 746573747365
 CRC: 0a
 END: 0d
2020-07-27 22:15:00.741 [pool-2-thread-1] INFO  server-logger - PORT: 63079
MESSAGE:
 INIT: 0a
 BYTES: 0a
 FRAME: a1
 DATA: 7465737465
 CRC: b7
 END: 0d
2020-07-27 22:15:02.095 [pool-2-thread-1] INFO  server-logger - PORT: 63079
MESSAGE:
 INIT: 0a
 BYTES: 0b
 FRAME: a1
 DATA: 746573746573
 CRC: 41
 END: 0d
2020-07-27 22:15:03.390 [pool-2-thread-1] INFO  server-logger - PORT: 63079
MESSAGE:
 INIT: 0a
 BYTES: 0b
 FRAME: a1
 DATA: 747365746573
 CRC: 2b
 END: 0d
2020-07-27 22:15:04.520 [pool-2-thread-1] INFO  server-logger - PORT: 63079
MESSAGE:
 INIT: 0a
 BYTES: 0a
 FRAME: a1
 DATA: 7465747365
 CRC: ca
 END: 0d
2020-07-27 22:16:12.117 [pool-2-thread-2] INFO  server-logger - PORT: 63114
MESSAGE:
 INIT: 0a
 BYTES: 0a
 FRAME: a1
 DATA: 7465737465
 CRC: b7
 END: 0d
2020-07-27 22:16:13.782 [pool-2-thread-2] INFO  server-logger - PORT: 63114
MESSAGE:
 INIT: 0a
 BYTES: 0b
 FRAME: a1
 DATA: 746573747365
 CRC: 0a
 END: 0d
2020-07-27 22:16:15.254 [pool-2-thread-2] INFO  server-logger - PORT: 63114
MESSAGE:
 INIT: 0a
 BYTES: 0b
 FRAME: a1
 DATA: 746573746573
 CRC: 41
 END: 0d
2020-07-27 22:16:16.607 [pool-2-thread-2] INFO  server-logger - PORT: 63114
MESSAGE:
 INIT: 0a
 BYTES: 0a
 FRAME: a1
 DATA: 7465737473
 CRC: d5
 END: 0d
2020-07-27 22:16:32.557 [pool-2-thread-2] INFO  server-logger - PORT: 63125
MESSAGE:
 INIT: 0a
 BYTES: 0b
 FRAME: a1
 DATA: 746573746573
 CRC: 41
 END: 0d
2020-07-27 22:16:34.102 [pool-2-thread-2] INFO  server-logger - PORT: 63125
MESSAGE:
 INIT: 0a
 BYTES: 0a
 FRAME: a1
 DATA: 7473746573
 CRC: 92
 END: 0d
2020-07-27 22:16:55.941 [pool-2-thread-2] INFO  server-logger - PORT: 63142
MESSAGE:
 INIT: 0a
 BYTES: 0b
 FRAME: a1
 DATA: 746573747365
 CRC: 0a
 END: 0d
2020-07-27 22:16:57.326 [pool-2-thread-2] INFO  server-logger - PORT: 63142
MESSAGE:
 INIT: 0a
 BYTES: 08
 FRAME: a1
 DATA: 747374
 CRC: ea
 END: 0d
2020-07-27 22:17:21.711 [pool-2-thread-2] INFO  server-logger - PORT: 63172
MESSAGE:
 INIT: 0a
 BYTES: 0b
 FRAME: a1
 DATA: 746573746573
 CRC: 41
 END: 0d
2020-07-27 22:17:23.294 [pool-2-thread-2] INFO  server-logger - PORT: 63172
MESSAGE:
 INIT: 0a
 BYTES: 0a
 FRAME: a1
 DATA: 7364666166
 CRC: f5
 END: 0d
2020-07-27 22:17:24.623 [pool-2-thread-2] INFO  server-logger - PORT: 63172
MESSAGE:
 INIT: 0a
 BYTES: 0b
 FRAME: a1
 DATA: 646664736166
 CRC: 55
 END: 0d
2020-07-27 22:17:26.065 [pool-2-thread-2] INFO  server-logger - PORT: 63172
MESSAGE:
 INIT: 0a
 BYTES: 0b
 FRAME: a1
 DATA: 736673646166
 CRC: a5
 END: 0d
2020-07-27 22:18:13.966 [pool-2-thread-2] INFO  server-logger - PORT: 63207
MESSAGE:
 INIT: 0a
 BYTES: 09
 FRAME: a1
 DATA: 73646166
 CRC: 44
 END: 0d
2020-07-27 22:18:14.958 [pool-2-thread-2] INFO  server-logger - PORT: 63207
MESSAGE:
 INIT: 0a
 BYTES: 09
 FRAME: a1
 DATA: 73646661
 CRC: 3a
 END: 0d
2020-07-27 22:18:15.896 [pool-2-thread-2] INFO  server-logger - PORT: 63207
MESSAGE:
 INIT: 0a
 BYTES: 09
 FRAME: a1
 DATA: 73666461
 CRC: c6
 END: 0d
2020-07-27 22:18:16.752 [pool-2-thread-2] INFO  server-logger - PORT: 63207
MESSAGE:
 INIT: 0a
 BYTES: 09
 FRAME: a1
 DATA: 73616664
 CRC: e1
 END: 0d
