2020-07-26 20:12:00.950 [Thread-2] INFO  server-logger - PORT: 60046
MESSAGE:
 INIT: 0a
 BYTES: 0b
 FRAME: a1
 DATA: 746573657465
 CRC: a8
 END: 0d
2020-07-26 20:12:03.708 [Thread-2] INFO  server-logger - PORT: 60046
MESSAGE:
 INIT: 0a
 BYTES: 0a
 FRAME: a1
 DATA: 7465737465
 CRC: b7
 END: 0d
2020-07-26 20:12:26.774 [Thread-4] INFO  server-logger - PORT: 60077
MESSAGE:
 INIT: 0a
 BYTES: 0c
 FRAME: a1
 DATA: 31207465737465
 CRC: 6c
 END: 0d
2020-07-26 20:12:29.710 [Thread-4] INFO  server-logger - PORT: 60077
MESSAGE:
 INIT: 0a
 BYTES: 0c
 FRAME: a1
 DATA: 66736461667361
 CRC: 05
 END: 0d
2020-07-26 20:12:30.222 [Thread-4] INFO  server-logger - PORT: 60077
MESSAGE:
 INIT: 0a
 BYTES: 0c
 FRAME: a1
 DATA: 66647373646166
 CRC: aa
 END: 0d
2020-07-26 20:12:30.928 [Thread-4] INFO  server-logger - PORT: 60077
MESSAGE:
 INIT: 0a
 BYTES: 10
 FRAME: a1
 DATA: 6673646173666461736661
 CRC: 66
 END: 0d
2020-07-26 20:12:31.184 [Thread-4] INFO  server-logger - PORT: 60077
MESSAGE:
 INIT: 0a
 BYTES: 09
 FRAME: a1
 DATA: 66736461
 CRC: 8d
 END: 0d
2020-07-26 20:12:31.395 [Thread-4] INFO  server-logger - PORT: 60077
MESSAGE:
 INIT: 0a
 BYTES: 09
 FRAME: a1
 DATA: 73666461
 CRC: c6
 END: 0d
2020-07-26 20:12:31.565 [Thread-4] INFO  server-logger - PORT: 60077
MESSAGE:
 INIT: 0a
 BYTES: 08
 FRAME: a1
 DATA: 667361
 CRC: f5
 END: 0d
2020-07-26 20:12:31.736 [Thread-4] INFO  server-logger - PORT: 60077
MESSAGE:
 INIT: 0a
 BYTES: 06
 FRAME: a1
 DATA: 66
 CRC: 45
 END: 0d
2020-07-26 20:12:31.895 [Thread-4] INFO  server-logger - PORT: 60077
MESSAGE:
 INIT: 0a
 BYTES: 08
 FRAME: a1
 DATA: 666473
 CRC: b7
 END: 0d
2020-07-26 20:12:32.055 [Thread-4] INFO  server-logger - PORT: 60077
MESSAGE:
 INIT: 0a
 BYTES: 09
 FRAME: a1
 DATA: 64736661
 CRC: 8b
 END: 0d
2020-07-26 20:12:32.221 [Thread-4] INFO  server-logger - PORT: 60077
MESSAGE:
 INIT: 0a
 BYTES: 09
 FRAME: a1
 DATA: 66647361
 CRC: 05
 END: 0d
2020-07-26 20:12:32.395 [Thread-4] INFO  server-logger - PORT: 60077
MESSAGE:
 INIT: 0a
 BYTES: 08
 FRAME: a1
 DATA: 666473
 CRC: b7
 END: 0d
2020-07-26 20:12:32.565 [Thread-4] INFO  server-logger - PORT: 60077
MESSAGE:
 INIT: 0a
 BYTES: 07
 FRAME: a1
 DATA: 6664
 CRC: f1
 END: 0d
2020-07-26 20:12:32.736 [Thread-4] INFO  server-logger - PORT: 60077
MESSAGE:
 INIT: 0a
 BYTES: 08
 FRAME: a1
 DATA: 736466
 CRC: be
 END: 0d
2020-07-26 20:13:12.719 [Thread-5] INFO  server-logger - PORT: 60131
MESSAGE:
 INIT: 0a
 BYTES: 0a
 FRAME: a1
 DATA: 7465737465
 CRC: b7
 END: 0d
2020-07-26 20:15:50.468 [Thread-6] INFO  server-logger - PORT: 60316
MESSAGE:
 INIT: 0a
 BYTES: 0a
 FRAME: a1
 DATA: 7465737465
 CRC: b7
 END: 0d
2020-07-26 20:15:54.666 [Thread-6] INFO  server-logger - PORT: 60316
MESSAGE:
 INIT: 0a
 BYTES: 0a
 FRAME: a1
 DATA: 7465737465
 CRC: b7
 END: 0d
2020-07-26 20:19:12.787 [Thread-9] INFO  server-logger - PORT: 60549
MESSAGE:
 INIT: 0a
 BYTES: 0a
 FRAME: a1
 DATA: 7465737465
 CRC: b7
 END: 0d
2020-07-26 20:19:37.699 [Thread-10] INFO  server-logger - PORT: 60580
MESSAGE:
 INIT: 0a
 BYTES: 0a
 FRAME: a1
 DATA: 7465737465
 CRC: b7
 END: 0d
2020-07-26 20:21:08.739 [Thread-12] INFO  server-logger - PORT: 60692
MESSAGE:
 INIT: 0a
 BYTES: 0a
 FRAME: a1
 DATA: 7465737465
 CRC: b7
 END: 0d
2020-07-26 20:21:17.186 [Thread-12] INFO  server-logger - PORT: 60692
MESSAGE:
 INIT: 0a
 BYTES: 0f
 FRAME: a2
 DATA: 0a140a0677696c6c6572
 CRC: 31
 END: 0d
2020-07-26 20:21:25.232 [Thread-12] INFO  server-logger - PORT: 60692
MESSAGE:
 INIT: 0a
 BYTES: 0b
 FRAME: a1
 DATA: 746573657465
 CRC: a8
 END: 0d
2020-07-26 20:21:29.624 [Thread-12] INFO  server-logger - PORT: 60692
MESSAGE:
 INIT: 0a
 BYTES: 06
 FRAME: a1
 DATA: 35
 CRC: fb
 END: 0d
2020-07-26 20:21:36.441 [Thread-12] INFO  server-logger - PORT: 60692
MESSAGE:
 INIT: 0a
 BYTES: 06
 FRAME: a1
 DATA: 35
 CRC: fb
 END: 0d
2020-07-26 20:24:44.707 [Thread-13] INFO  server-logger - PORT: 60864
MESSAGE:
 INIT: 0a
 BYTES: 0a
 FRAME: a1
 DATA: 5445535445
 CRC: 10
 END: 0d
2020-07-26 20:24:47.265 [Thread-13] INFO  server-logger - PORT: 60864
MESSAGE:
 INIT: 0a
 BYTES: 0b
 FRAME: a1
 DATA: 746573746565
 CRC: 23
 END: 0d
